0 info it worked if it ends with ok
1 verbose cli [ '/home/ubuntu/.nvm/versions/node/v7.1.0/bin/node',
1 verbose cli   '/home/ubuntu/.nvm/versions/node/v7.1.0/bin/npm',
1 verbose cli   'run',
1 verbose cli   'setup' ]
2 info using npm@3.10.9
3 info using node@v7.1.0
4 verbose run-script [ 'presetup', 'setup', 'postsetup' ]
5 info lifecycle fofi@0.0.0~presetup: fofi@0.0.0
6 silly lifecycle fofi@0.0.0~presetup: no script for presetup, continuing
7 info lifecycle fofi@0.0.0~setup: fofi@0.0.0
8 verbose lifecycle fofi@0.0.0~setup: unsafe-perm in lifecycle true
9 verbose lifecycle fofi@0.0.0~setup: PATH: /home/ubuntu/.nvm/versions/node/v7.1.0/lib/node_modules/npm/bin/node-gyp-bin:/home/ubuntu/workspace/node_modules/.bin:/home/ubuntu/.nvm/versions/node/v7.1.0/bin:/usr/local/rvm/gems/ruby-2.3.0/bin:/usr/local/rvm/gems/ruby-2.3.0@global/bin:/usr/local/rvm/rubies/ruby-2.3.0/bin:/mnt/shared/bin:/home/ubuntu/workspace/node_modules/.bin:/home/ubuntu/bin:/usr/local/sbin:/usr/local/bin:/usr/sbin:/usr/bin:/sbin:/bin:/mnt/shared/sbin:/opt/gitl:/opt/go/bin:/mnt/shared/c9/app.nw/bin:/usr/local/rvm/bin
10 verbose lifecycle fofi@0.0.0~setup: CWD: /home/ubuntu/workspace
11 silly lifecycle fofi@0.0.0~setup: Args: [ '-c', './package/setup.sh' ]
12 silly lifecycle fofi@0.0.0~setup: Returned: code: 2  signal: null
13 info lifecycle fofi@0.0.0~setup: Failed to exec setup script
14 verbose stack Error: fofi@0.0.0 setup: `./package/setup.sh`
14 verbose stack Exit status 2
14 verbose stack     at EventEmitter.<anonymous> (/home/ubuntu/.nvm/versions/node/v7.1.0/lib/node_modules/npm/lib/utils/lifecycle.js:255:16)
14 verbose stack     at emitTwo (events.js:106:13)
14 verbose stack     at EventEmitter.emit (events.js:191:7)
14 verbose stack     at ChildProcess.<anonymous> (/home/ubuntu/.nvm/versions/node/v7.1.0/lib/node_modules/npm/lib/utils/spawn.js:40:14)
14 verbose stack     at emitTwo (events.js:106:13)
14 verbose stack     at ChildProcess.emit (events.js:191:7)
14 verbose stack     at maybeClose (internal/child_process.js:885:16)
14 verbose stack     at Process.ChildProcess._handle.onexit (internal/child_process.js:226:5)
15 verbose pkgid fofi@0.0.0
16 verbose cwd /home/ubuntu/workspace
17 error Linux 4.9.17-c9
18 error argv "/home/ubuntu/.nvm/versions/node/v7.1.0/bin/node" "/home/ubuntu/.nvm/versions/node/v7.1.0/bin/npm" "run" "setup"
19 error node v7.1.0
20 error npm  v3.10.9
21 error code ELIFECYCLE
22 error fofi@0.0.0 setup: `./package/setup.sh`
22 error Exit status 2
23 error Failed at the fofi@0.0.0 setup script './package/setup.sh'.
23 error Make sure you have the latest version of node.js and npm installed.
23 error If you do, this is most likely a problem with the fofi package,
23 error not with npm itself.
23 error Tell the author that this fails on your system:
23 error     ./package/setup.sh
23 error You can get information on how to open an issue for this project with:
23 error     npm bugs fofi
23 error Or if that isn't available, you can get their info via:
23 error     npm owner ls fofi
23 error There is likely additional logging output above.
24 verbose exit [ 1, true ]
